2023-06-23 18:10:18,385 - root - INFO - Logger Inititated for this session 
2023-06-23 18:10:28,808 - root - INFO - [main][signup][Request Landed] {'email': 'test@testmail.com', 'password': 'Test@123', 'phone': '12345678', 'role': '3', 'dept': 'EE', 'fname': 'ABC', 'mname': 'PQR', 'lname': 'XYZ'}
2023-06-23 18:10:28,902 - google.auth.transport.requests - DEBUG - Making request: POST https://oauth2.googleapis.com/token
2023-06-23 18:10:28,917 - urllib3.connectionpool - DEBUG - Starting new HTTPS connection (1): oauth2.googleapis.com:443
2023-06-23 18:10:29,041 - urllib3.connectionpool - DEBUG - https://oauth2.googleapis.com:443 "POST /token HTTP/1.1" 200 None
2023-06-23 18:10:29,629 - root - INFO - [generateSupportFields][signUpSupports][Completed user support data][data] {'email': 'test@testmail.com', 'password': 'Test@123', 'phone': '12345678', 'role': '3', 'dept': 'EE', 'fname': 'ABC', 'mname': 'PQR', 'lname': 'XYZ', 'class': 'EE2023', 'id': '349032023161', 'user_id': 'ST_41_160326322', 'last_updated_time': '2023-06-23 18:10:28.809347'} 
2023-06-23 18:10:29,629 - root - INFO - [AccountObject][Constructer][Data] {'email': 'test@testmail.com', 'password': 'Test@123', 'phone': '12345678', 'role': '3', 'dept': 'EE', 'fname': 'ABC', 'mname': 'PQR', 'lname': 'XYZ', 'class': 'EE2023', 'id': '349032023161', 'user_id': 'ST_41_160326322', 'last_updated_time': '2023-06-23 18:10:28.809347'}
2023-06-23 18:11:32,898 - root - INFO - Logger Inititated for this session 
2023-06-23 18:11:44,847 - root - INFO - Logger Inititated for this session 
2023-06-23 18:11:47,961 - root - INFO - [main][signup][Request Landed] {'email': 'test@testmail.com', 'password': 'Test@123', 'phone': '12345678', 'role': '3', 'dept': 'EE', 'fname': 'ABC', 'mname': 'PQR', 'lname': 'XYZ'}
2023-06-23 18:11:48,062 - google.auth.transport.requests - DEBUG - Making request: POST https://oauth2.googleapis.com/token
2023-06-23 18:11:48,072 - urllib3.connectionpool - DEBUG - Starting new HTTPS connection (1): oauth2.googleapis.com:443
2023-06-23 18:11:48,198 - urllib3.connectionpool - DEBUG - https://oauth2.googleapis.com:443 "POST /token HTTP/1.1" 200 None
2023-06-23 18:11:48,652 - root - INFO - [generateSupportFields][signUpSupports][Completed user support data][data] {'email': 'test@testmail.com', 'password': 'Test@123', 'phone': '12345678', 'role': '3', 'dept': 'EE', 'fname': 'ABC', 'mname': 'PQR', 'lname': 'XYZ', 'class': 'EE2023', 'id': '349032023161', 'user_id': 'ST_57_160405345', 'last_updated_time': '2023-06-23 18:11:47.961463', 'verified': 0} 
2023-06-23 18:11:48,652 - root - INFO - [AccountObject][Constructer][Data] {'email': 'test@testmail.com', 'password': 'Test@123', 'phone': '12345678', 'role': '3', 'dept': 'EE', 'fname': 'ABC', 'mname': 'PQR', 'lname': 'XYZ', 'class': 'EE2023', 'id': '349032023161', 'user_id': 'ST_57_160405345', 'last_updated_time': '2023-06-23 18:11:47.961463', 'verified': 0}
2023-06-23 18:11:48,652 - root - INFO - [AccountObject][Constructer][Object Created] 
2023-06-23 18:12:36,445 - root - INFO - Logger Inititated for this session 
2023-06-23 18:12:51,478 - root - INFO - Logger Inititated for this session 
2023-06-23 18:12:53,123 - root - INFO - [main][signup][Request Landed] {'email': 'test@testmail.com', 'password': 'Test@123', 'phone': '12345678', 'role': '3', 'dept': 'EE', 'fname': 'ABC', 'mname': 'PQR', 'lname': 'XYZ'}
2023-06-23 18:12:53,203 - google.auth.transport.requests - DEBUG - Making request: POST https://oauth2.googleapis.com/token
2023-06-23 18:12:53,211 - urllib3.connectionpool - DEBUG - Starting new HTTPS connection (1): oauth2.googleapis.com:443
2023-06-23 18:12:53,320 - urllib3.connectionpool - DEBUG - https://oauth2.googleapis.com:443 "POST /token HTTP/1.1" 200 None
2023-06-23 18:12:54,940 - root - INFO - [generateSupportFields][signUpSupports][Completed user support data][data] {'email': 'test@testmail.com', 'password': 'Test@123', 'phone': '12345678', 'role': '3', 'dept': 'EE', 'fname': 'ABC', 'mname': 'PQR', 'lname': 'XYZ', 'class': 'EE2023', 'id': '349032023161', 'user_id': 'ST_22_160471633', 'last_updated_time': '2023-06-23 18:12:53.123970', 'verified': 0} 
2023-06-23 18:12:54,940 - root - INFO - [AccountObject][Constructer][Data] {'email': 'test@testmail.com', 'password': 'Test@123', 'phone': '12345678', 'role': '3', 'dept': 'EE', 'fname': 'ABC', 'mname': 'PQR', 'lname': 'XYZ', 'class': 'EE2023', 'id': '349032023161', 'user_id': 'ST_22_160471633', 'last_updated_time': '2023-06-23 18:12:53.123970', 'verified': 0}
2023-06-23 18:12:54,940 - root - INFO - [AccountObject][Constructer][Object Created] 
2023-06-23 18:13:42,647 - root - INFO - Logger Inititated for this session 
2023-06-23 18:13:45,207 - root - INFO - [main][signup][Request Landed] {'email': 'test@testmail.com', 'password': 'Test@123', 'phone': '12345678', 'role': '3', 'dept': 'EE', 'fname': 'ABC', 'mname': 'PQR', 'lname': 'XYZ'}
2023-06-23 18:13:45,295 - google.auth.transport.requests - DEBUG - Making request: POST https://oauth2.googleapis.com/token
2023-06-23 18:13:45,304 - urllib3.connectionpool - DEBUG - Starting new HTTPS connection (1): oauth2.googleapis.com:443
2023-06-23 18:13:45,430 - urllib3.connectionpool - DEBUG - https://oauth2.googleapis.com:443 "POST /token HTTP/1.1" 200 None
2023-06-23 18:13:46,929 - root - INFO - [generateSupportFields][signUpSupports][Completed user support data][data] {'email': 'test@testmail.com', 'password': 'Test@123', 'phone': '12345678', 'role': '3', 'dept': 'EE', 'fname': 'ABC', 'mname': 'PQR', 'lname': 'XYZ', 'class': 'EE2023', 'id': '349032023161', 'user_id': 'ST_52_160523622', 'last_updated_time': '2023-06-23 18:13:45.207415', 'verified': 0} 
2023-06-23 18:13:46,929 - root - INFO - [AccountObject][Constructer][Data] {'email': 'test@testmail.com', 'password': 'Test@123', 'phone': '12345678', 'role': '3', 'dept': 'EE', 'fname': 'ABC', 'mname': 'PQR', 'lname': 'XYZ', 'class': 'EE2023', 'id': '349032023161', 'user_id': 'ST_52_160523622', 'last_updated_time': '2023-06-23 18:13:45.207415', 'verified': 0}
2023-06-23 18:13:46,929 - root - INFO - [AccountObject][Constructer][Object Created] 
2023-06-23 18:13:46,929 - root - INFO - [accountDB][createAccount][Password Saved in Password Table]
2023-06-23 18:15:08,070 - root - INFO - Logger Inititated for this session 
2023-06-23 18:35:18,416 - root - INFO - Logger Inititated for this session 
2023-06-23 18:35:44,245 - root - INFO - Logger Inititated for this session 
2023-06-23 18:36:56,578 - root - INFO - Logger Inititated for this session 
2023-06-23 18:39:06,797 - root - INFO - Logger Inititated for this session 
2023-06-23 18:39:51,996 - root - INFO - Logger Inititated for this session 
2023-06-23 18:41:16,345 - root - INFO - Logger Inititated for this session 
2023-06-23 18:41:40,973 - root - INFO - Logger Inititated for this session 
2023-06-23 18:44:12,269 - root - INFO - Logger Inititated for this session 
2023-06-23 18:45:42,499 - root - INFO - Logger Inititated for this session 
2023-06-23 18:46:16,158 - root - INFO - Logger Inititated for this session 
2023-06-23 18:46:24,867 - root - INFO - Logger Inititated for this session 
2023-06-23 18:47:01,853 - root - INFO - Logger Inititated for this session 
2023-06-23 18:47:19,231 - root - INFO - Logger Inititated for this session 
2023-06-23 18:48:47,260 - root - INFO - Logger Inititated for this session 
